\BOOKMARK [1][-]{section*.2}{\376\377\000M\000a\000r\000c\000h\000\040\0001\0002\000t\000h\000\040\000-\000\040\000M\000a\000r\000c\000h\000\040\0001\0007\000t\000h\000,\000\040\0002\0000\0001\0009}{}% 1
\BOOKMARK [2][-]{section*.3}{\376\377\000P\000r\000o\000g\000r\000e\000s\000s\000\040\000I\000t\000e\000m\000s}{section*.2}% 2
\BOOKMARK [2][-]{section*.4}{\376\377\000A\000g\000e\000n\000d\000a\000\040\000I\000t\000e\000m\000s}{section*.2}% 3
\BOOKMARK [1][-]{section*.5}{\376\377\000M\000a\000r\000c\000h\000\040\0004\000t\000h\000\040\000-\000\040\000M\000a\000r\000c\000h\000\040\0001\0001\000t\000h\000,\000\040\0002\0000\0001\0009}{}% 4
\BOOKMARK [2][-]{section*.6}{\376\377\000P\000r\000o\000g\000r\000e\000s\000s\000\040\000I\000t\000e\000m\000s}{section*.5}% 5
\BOOKMARK [2][-]{section*.7}{\376\377\000A\000g\000e\000n\000d\000a\000\040\000I\000t\000e\000m\000s}{section*.5}% 6
\BOOKMARK [1][-]{section*.8}{\376\377\000F\000e\000b\000\040\0002\0005\000t\000h\000\040\000-\000\040\000M\000a\000r\000c\000h\000\040\0003\000r\000d\000,\000\040\0002\0000\0001\0009}{}% 7
\BOOKMARK [2][-]{section*.9}{\376\377\000P\000r\000o\000g\000r\000e\000s\000s\000\040\000I\000t\000e\000m\000s}{section*.8}% 8
\BOOKMARK [2][-]{section*.10}{\376\377\000A\000g\000e\000n\000d\000a\000\040\000I\000t\000e\000m\000s}{section*.8}% 9
\BOOKMARK [1][-]{section*.11}{\376\377\000F\000e\000b\000\040\0001\0001\000\040\000-\000\040\000F\000e\000b\000\040\0001\0007\000,\000\040\0002\0000\0001\0009\000\040\000+\000\040\000F\000e\000b\000\040\0001\0008\000\040\000-\000\040\000F\000e\000b\000\040\0002\0004\000t\000h}{}% 10
\BOOKMARK [2][-]{section*.12}{\376\377\000P\000r\000o\000g\000r\000e\000s\000s\000\040\000I\000t\000e\000m\000s}{section*.11}% 11
\BOOKMARK [2][-]{section*.13}{\376\377\000A\000g\000e\000n\000d\000a\000\040\000I\000t\000e\000m\000s}{section*.11}% 12
\BOOKMARK [1][-]{section*.14}{\376\377\000F\000e\000b\000\040\0004\000\040\000-\000\040\000F\000e\000b\000\040\0001\0000\000,\000\040\0002\0000\0001\0009}{}% 13
\BOOKMARK [2][-]{section*.15}{\376\377\000P\000r\000o\000g\000r\000e\000s\000s\000\040\000I\000t\000e\000m\000s}{section*.14}% 14
\BOOKMARK [2][-]{section*.16}{\376\377\000A\000g\000e\000n\000d\000a\000\040\000I\000t\000e\000m\000s}{section*.14}% 15
\BOOKMARK [1][-]{section*.17}{\376\377\000J\000a\000n\000\040\0002\0008\000\040\000-\000\040\000F\000e\000b\000\040\0003\000,\000\040\0002\0000\0001\0009}{}% 16
\BOOKMARK [2][-]{section*.18}{\376\377\000P\000r\000o\000g\000r\000e\000s\000s\000\040\000I\000t\000e\000m\000s}{section*.17}% 17
\BOOKMARK [2][-]{section*.19}{\376\377\000A\000g\000e\000n\000d\000a\000\040\000I\000t\000e\000m\000s}{section*.17}% 18
\BOOKMARK [1][-]{section*.20}{\376\377\000J\000a\000n\000\040\0002\0001\000\040\000-\000\040\000J\000a\000n\000\040\0002\0007\000,\000\040\0002\0000\0001\0009}{}% 19
\BOOKMARK [2][-]{section*.21}{\376\377\000P\000r\000o\000g\000r\000e\000s\000s\000\040\000I\000t\000e\000m\000s}{section*.20}% 20
\BOOKMARK [2][-]{section*.22}{\376\377\000A\000g\000e\000n\000d\000a\000\040\000I\000t\000e\000m\000s}{section*.20}% 21
\BOOKMARK [1][-]{section*.23}{\376\377\000J\000a\000n\000\040\0007\000,\000\040\000-\000\040\000J\000a\000n\000\040\0001\0003\000\040\000+\000\040\000J\000a\000n\000\040\0001\0004\000,\000\040\000-\000\040\000J\000a\000n\000\040\0002\0000\000,\000\040\0002\0000\0001\0009}{}% 22
\BOOKMARK [2][-]{section*.24}{\376\377\000P\000r\000o\000g\000r\000e\000s\000s\000\040\000I\000t\000e\000m\000s}{section*.23}% 23
\BOOKMARK [2][-]{section*.25}{\376\377\000A\000g\000e\000n\000d\000a\000\040\000I\000t\000e\000m\000s}{section*.23}% 24
\BOOKMARK [1][-]{section*.26}{\376\377\000D\000e\000c\000\040\0003\0001\000,\000\040\0002\0000\0001\0008\000\040\000-\000\040\000J\000a\000n\000\040\0006\000,\000\040\0002\0000\0001\0009}{}% 25
\BOOKMARK [2][-]{section*.27}{\376\377\000P\000r\000o\000g\000r\000e\000s\000s\000\040\000I\000t\000e\000m\000s}{section*.26}% 26
\BOOKMARK [2][-]{section*.28}{\376\377\000A\000g\000e\000n\000d\000a\000\040\000I\000t\000e\000m\000s}{section*.26}% 27
\BOOKMARK [1][-]{section*.29}{\376\377\000D\000e\000c\000\040\0001\0007\000\040\000-\000\040\000D\000e\000c\000\040\0003\0000\000,\000\040\0002\0000\0001\0008}{}% 28
\BOOKMARK [2][-]{section*.30}{\376\377\000P\000r\000o\000g\000r\000e\000s\000s\000\040\000I\000t\000e\000m\000s}{section*.29}% 29
\BOOKMARK [2][-]{section*.31}{\376\377\000A\000g\000e\000n\000d\000a\000\040\000I\000t\000e\000m\000s}{section*.29}% 30
\BOOKMARK [1][-]{section*.32}{\376\377\000D\000e\000c\000\040\0003\000\040\000-\000\040\000D\000e\000c\000\040\0001\0006\000,\000\040\0002\0000\0001\0008}{}% 31
\BOOKMARK [2][-]{section*.33}{\376\377\000P\000r\000o\000g\000r\000e\000s\000s\000\040\000I\000t\000e\000m\000s}{section*.32}% 32
\BOOKMARK [2][-]{section*.34}{\376\377\000A\000g\000e\000n\000d\000a\000\040\000I\000t\000e\000m\000s}{section*.32}% 33
\BOOKMARK [1][-]{section*.35}{\376\377\000N\000o\000v\000\040\0002\0002\000\040\000-\000\040\000D\000e\000c\000\040\0002\000,\000\040\0002\0000\0001\0008}{}% 34
\BOOKMARK [2][-]{section*.36}{\376\377\000P\000r\000o\000g\000r\000e\000s\000s\000\040\000I\000t\000e\000m\000s}{section*.35}% 35
\BOOKMARK [2][-]{section*.37}{\376\377\000A\000g\000e\000n\000d\000a\000\040\000I\000t\000e\000m\000s}{section*.35}% 36
